++++++++++++++++++++
Starting round 1
Player 0 starting on Go
Player 0 rolls 5+4
Player 0 landed on Connecticut Avenue
Player 1 starting on Go
Player 1 rolls 2+5
Player 1 landed on Chance
 -> Chance - Advance to Go
++++++++++++++++++++
Starting round 2
Player 0 starting on Connecticut Avenue
Player 0 rolls 6+1
Player 0 landed on St. James Place
Player 1 starting on Go
Player 1 rolls 1+3
Player 1 landed on Income Tax
++++++++++++++++++++
Starting round 3
Player 0 starting on St. James Place
Player 0 rolls 3+2
Player 0 landed on Kentucky Avenue
Player 1 starting on Income Tax
Player 1 rolls 4+4
Player 1 landed on Electric Company
Player 1 rolls 5+3
Player 1 landed on Free Parking
++++++++++++++++++++
Starting round 4
Player 0 starting on Kentucky Avenue
Player 0 rolls 1+4
Player 0 landed on Alantic Avenue
Player 1 starting on Free Parking
Player 1 rolls 5+5
Player 1 landed on go to jail.
Player 1 rolls 2+5
 - still in jail
++++++++++++++++++++
Starting round 5
Player 0 starting on Alantic Avenue
Player 0 rolls 3+5
Player 0 landed on Pennsylvania Avenue
Player 1 starting on In Jail/Just Visiting
Player 1 rolls 2+6
 - still in jail
++++++++++++++++++++
Starting round 6
Player 0 starting on Pennsylvania Avenue
Player 0 rolls 3+2
Player 0 landed on Boardwalk
Player 1 starting on In Jail/Just Visiting
Player 1 rolls 1+1
 - doubles, releasing from jail.
Player 1 landed on Electric Company
Player 1 rolls 5+4
Player 1 landed on Kentucky Avenue
++++++++++++++++++++
Starting round 7
Player 0 starting on Boardwalk
Player 0 rolls 2+2
Player 0 landed on Baltic Avenue
Player 0 rolls 1+5
Player 0 landed on Connecticut Avenue
Player 1 starting on Kentucky Avenue
Player 1 rolls 2+4
Player 1 landed on Ventnor Avenue
++++++++++++++++++++
Starting round 8
Player 0 starting on Connecticut Avenue
Player 0 rolls 5+4
Player 0 landed on Tennessee Avenue
Player 1 starting on Ventnor Avenue
Player 1 rolls 4+4
Player 1 landed on Short Line
Player 1 rolls 3+6
Player 1 landed on Income Tax
++++++++++++++++++++
Starting round 9
Player 0 starting on Tennessee Avenue
Player 0 rolls 4+6
Player 0 landed on Water Works
Player 1 starting on Income Tax
Player 1 rolls 3+3
Player 1 landed on In Jail/Just Visiting
Player 1 rolls 3+3
Player 1 landed on St. James Place
Player 1 rolls 5+1
Player 1 landed on Chance
 -> Chance - Advance to Illinois Ave.
++++++++++++++++++++
Starting round 10
Player 0 starting on Water Works
Player 0 rolls 2+5
Player 0 landed on Short Line
Player 1 starting on Illinois Avenue
Player 1 rolls 3+3
Player 1 landed on go to jail.
Player 1 rolls 2+2
 - doubles, releasing from jail.
Player 1 landed on Virginia Avenue
Player 1 rolls 3+1
Player 1 landed on Tennessee Avenue
++++++++++++++++++++
Starting round 11
Player 0 starting on Short Line
Player 0 rolls 4+5
Player 0 landed on Income Tax
Player 1 starting on Tennessee Avenue
Player 1 rolls 2+6
Player 1 landed on Alantic Avenue
++++++++++++++++++++
Starting round 12
Player 0 starting on Income Tax
Player 0 rolls 2+6
Player 0 landed on Electric Company
Player 1 starting on Alantic Avenue
Player 1 rolls 6+1
Player 1 landed on Community Chest
 -> Community Chest - Advance to Go
++++++++++++++++++++
Starting round 13
Player 0 starting on Electric Company
Player 0 rolls 5+1
Player 0 landed on Tennessee Avenue
Player 1 starting on Go
Player 1 rolls 4+5
Player 1 landed on Connecticut Avenue
++++++++++++++++++++
Starting round 14
Player 0 starting on Tennessee Avenue
Player 0 rolls 6+2
Player 0 landed on Alantic Avenue
Player 1 starting on Connecticut Avenue
Player 1 rolls 3+2
Player 1 landed on Virginia Avenue
++++++++++++++++++++
Starting round 15
Player 0 starting on Alantic Avenue
Player 0 rolls 2+1
Player 0 landed on Marvin Gardens
Player 1 starting on Virginia Avenue
Player 1 rolls 6+1
Player 1 landed on Kentucky Avenue
++++++++++++++++++++
Starting round 16
Player 0 starting on Marvin Gardens
Player 0 rolls 2+2
Player 0 landed on Community Chest
 -> Community Chest - Bank error in your favor
Player 0 rolls 5+4
Player 0 landed on Community Chest
 -> Community Chest - Doctor's fees
Player 1 starting on Kentucky Avenue
Player 1 rolls 1+5
Player 1 landed on Ventnor Avenue
++++++++++++++++++++
Starting round 17
Player 0 starting on Community Chest
Player 0 rolls 1+3
Player 0 landed on Oriental Avenue
Player 1 starting on Ventnor Avenue
Player 1 rolls 6+2
Player 1 landed on Short Line
++++++++++++++++++++
Starting round 18
Player 0 starting on Oriental Avenue
Player 0 rolls 4+5
Player 0 landed on Pennsylvania Railroad
Player 1 starting on Short Line
Player 1 rolls 5+6
Player 1 landed on Oriental Avenue
++++++++++++++++++++
Starting round 19
Player 0 starting on Pennsylvania Railroad
Player 0 rolls 6+6
Player 0 landed on Ventnor Avenue
Player 0 rolls 2+1
Player 0 landed on go to jail.
Player 1 starting on Oriental Avenue
Player 1 rolls 1+5
Player 1 landed on Electric Company
++++++++++++++++++++
Starting round 20
Player 0 starting on In Jail/Just Visiting
Player 0 rolls 1+3
 - still in jail
Player 1 starting on Electric Company
Player 1 rolls 2+3
Player 1 landed on Community Chest
 -> Community Chest - From sale of stock you get $50
++++++++++++++++++++
Starting round 21
Player 0 starting on In Jail/Just Visiting
Player 0 rolls 1+2
 - still in jail
Player 1 starting on Community Chest
Player 1 rolls 2+4
Player 1 landed on Indiana Avenue
++++++++++++++++++++
Starting round 22
Player 0 starting on In Jail/Just Visiting
Player 0 rolls 3+1
 - still in jail
Player 1 starting on Indiana Avenue
Player 1 rolls 2+3
Player 1 landed on Water Works
++++++++++++++++++++
Starting round 23
Player 0 starting on In Jail/Just Visiting
Player 0 rolls 6+2
 - Third roll from jail, releasing.
Player 0 landed on Tennessee Avenue
Player 1 starting on Water Works
Player 1 rolls 4+5
Player 1 landed on Park Place
++++++++++++++++++++
Starting round 24
Player 0 starting on Tennessee Avenue
Player 0 rolls 1+1
Player 0 landed on Free Parking
Player 0 rolls 4+3
Player 0 landed on Ventnor Avenue
Player 1 starting on Park Place
Player 1 rolls 2+2
Player 1 landed on Mediterranean Avenue
Player 1 rolls 1+3
Player 1 landed on Reading Railroad
++++++++++++++++++++
Starting round 25
Player 0 starting on Ventnor Avenue
Player 0 rolls 1+1
Player 0 landed on Marvin Gardens
Player 0 rolls 5+6
Player 0 landed on Go
Player 1 starting on Reading Railroad
Player 1 rolls 6+3
Player 1 landed on Virginia Avenue

Go :: 3
Mediterranean Avenue :: 1
Community Chest :: 1
Baltic Avenue :: 1
Income Tax :: 3
Reading Railroad :: 1
Oriental Avenue :: 2
Chance :: 1
Vermont Avenue :: 0
Connecticut Avenue :: 3
In Jail/Just Visiting :: 4
St. Charles Place :: 0
Electric Company :: 4
States Avenue :: 0
Virginia Avenue :: 3
Pennsylvania Railroad :: 1
St. James Place :: 2
Community Chest :: 1
Tennessee Avenue :: 4
New York Avenue :: 0
Free Parking :: 2
Kentucky Avenue :: 3
Chance :: 1
Indiana Avenue :: 1
Illinois Avenue :: 1
B. & O. Railroad :: 0
Alantic Avenue :: 3
Ventnor Avenue :: 4
Water Works :: 2
Marvin Gardens :: 2
Go To Jail :: 3
Pacific Avenue :: 0
North Carolina AVenue :: 0
Community Chest :: 2
Pennsylvania Avenue :: 1
Short Line :: 3
Chance :: 0
Park Place :: 1
Luxury Tax :: 0
Boardwalk :: 1

