++++++++++++++++++++
Starting round 1
Player 0 starting on Go
Player 0 rolls 5+4
Player 0 landed on Connecticut Avenue
Player 1 starting on Go
Player 1 rolls 2+5
Player 1 landed on Chance
 -> Chance - Advance to Go
++++++++++++++++++++
Starting round 2
Player 0 starting on Connecticut Avenue
Player 0 rolls 6+1
Player 0 landed on St. James Place
Player 1 starting on Go
Player 1 rolls 1+3
Player 1 landed on Income Tax
++++++++++++++++++++
Starting round 3
Player 0 starting on St. James Place
Player 0 rolls 3+2
Player 0 landed on Kentucky Avenue
Player 1 starting on Income Tax
Player 1 rolls 4+4
Player 1 landed on Electric Company
Player 1 rolls 5+3
Player 1 landed on Free Parking
++++++++++++++++++++
Starting round 4
Player 0 starting on Kentucky Avenue
Player 0 rolls 1+4
Player 0 landed on Alantic Avenue
Player 1 starting on Free Parking
Player 1 rolls 5+5
Player 1 landed on go to jail.
Player 1 rolls 2+5
 - still in jail
++++++++++++++++++++
Starting round 5
Player 0 starting on Alantic Avenue
Player 0 rolls 3+5
Player 0 landed on Pennsylvania Avenue
Player 1 starting on In Jail/Just Visiting
Player 1 rolls 2+6
 - still in jail

Go :: 1
Mediterranean Avenue :: 0
Community Chest :: 0
Baltic Avenue :: 0
Income Tax :: 1
Reading Railroad :: 0
Oriental Avenue :: 0
Chance :: 1
Vermont Avenue :: 0
Connecticut Avenue :: 1
In Jail/Just Visiting :: 1
St. Charles Place :: 0
Electric Company :: 1
States Avenue :: 0
Virginia Avenue :: 0
Pennsylvania Railroad :: 0
St. James Place :: 1
Community Chest :: 0
Tennessee Avenue :: 0
New York Avenue :: 0
Free Parking :: 1
Kentucky Avenue :: 1
Chance :: 0
Indiana Avenue :: 0
Illinois Avenue :: 0
B. & O. Railroad :: 0
Alantic Avenue :: 1
Ventnor Avenue :: 0
Water Works :: 0
Marvin Gardens :: 0
Go To Jail :: 1
Pacific Avenue :: 0
North Carolina AVenue :: 0
Community Chest :: 0
Pennsylvania Avenue :: 1
Short Line :: 0
Chance :: 0
Park Place :: 0
Luxury Tax :: 0
Boardwalk :: 0

