|================================|
|        Starting Round 0        |
|================================|

 Player 0's turn ...
 Player 0 rolled (2, 2)
 Player 0 moves to Income Tax
 Player 0 rolled (6, 3)
 Player 0 moves to States Avenue

 Player 1's turn ...
 Player 1 rolled (5, 3)
 Player 1 moves to Vermont Avenue

|================================|
|        Starting Round 1        |
|================================|

 Player 0's turn ...
 Player 0 rolled (1, 3)
 Player 0 moves to Community Chest
 Player 0 draws a Community Chest.

 Player 1's turn ...
 Player 1 rolled (6, 2)
 Player 1 moves to St. James Place

|================================|
|        Starting Round 2        |
|================================|

 Player 0's turn ...
 Player 0 rolled (1, 6)
 Player 0 moves to Illinois Avenue

 Player 1's turn ...
 Player 1 rolled (1, 3)
 Player 1 moves to Free Parking

|================================|
|        Starting Round 3        |
|================================|

 Player 0's turn ...
 Player 0 rolled (4, 6)
 Player 0 moves to Pennsylvania Avenue

 Player 1's turn ...
 Player 1 rolled (2, 2)
 Player 1 moves to Illinois Avenue
 Player 1 rolled (5, 5)
 Player 1 moves to Pennsylvania Avenue
 Player 1 rolled (4, 2)
 Player 1 moves to Go

|================================|
|        Starting Round 4        |
|================================|

 Player 0's turn ...
 Player 0 rolled (4, 6)
 Player 0 moves to Income Tax

 Player 1's turn ...
 Player 1 rolled (5, 4)
 Player 1 moves to Connecticut Avenue

|================================|
|        Starting Round 5        |
|================================|

 Player 0's turn ...
 Player 0 rolled (4, 1)
 Player 0 moves to Connecticut Avenue

 Player 1's turn ...
 Player 1 rolled (3, 2)
 Player 1 moves to Virginia Avenue

|================================|
|        Starting Round 6        |
|================================|

 Player 0's turn ...
 Player 0 rolled (2, 3)
 Player 0 moves to Virginia Avenue

 Player 1's turn ...
 Player 1 rolled (3, 2)
 Player 1 moves to New York Avenue

|================================|
|        Starting Round 7        |
|================================|

 Player 0's turn ...
 Player 0 rolled (3, 4)
 Player 0 moves to Kentucky Avenue

 Player 1's turn ...
 Player 1 rolled (2, 2)
 Player 1 moves to Indiana Avenue
 Player 1 rolled (4, 4)
 Player 1 moves to Pacific Avenue
 Player 1 rolled (2, 3)
 Player 1 moves to Chance
 Player 1 draws a Chance card.

|================================|
|        Starting Round 8        |
|================================|

 Player 0's turn ...
 Player 0 rolled (2, 1)
 Player 0 moves to Illinois Avenue

 Player 1's turn ...
 Player 1 rolled (6, 6)
 Player 1 moves to Vermont Avenue
 Player 1 rolled (3, 2)
 Player 1 moves to States Avenue

|================================|
|        Starting Round 9        |
|================================|

 Player 0's turn ...
 Player 0 rolled (1, 2)
 Player 0 moves to Ventnor Avenue

 Player 1's turn ...
 Player 1 rolled (6, 6)
 Player 1 moves to B. & O. Railroad
 Player 1 rolled (5, 5)
 Player 1 moves to Short Line
 Player 1 rolled (5, 3)
 Player 1 moves to Baltic Avenue

|================================|
|        Starting Round 10       |
|================================|

 Player 0's turn ...
 Player 0 rolled (1, 3)
 Player 0 moves to Pacific Avenue

 Player 1's turn ...
 Player 1 rolled (1, 2)
 Player 1 moves to Oriental Avenue

|================================|
|        Starting Round 11       |
|================================|

 Player 0's turn ...
 Player 0 rolled (5, 5)
 Player 0 moves to Mediterranean Avenue
 Player 0 rolled (4, 3)
 Player 0 moves to Vermont Avenue

 Player 1's turn ...
 Player 1 rolled (6, 2)
 Player 1 moves to Virginia Avenue

|================================|
|        Starting Round 12       |
|================================|

 Player 0's turn ...
 Player 0 rolled (4, 1)
 Player 0 moves to States Avenue

 Player 1's turn ...
 Player 1 rolled (1, 2)
 Player 1 moves to Community Chest
 Player 1 draws a Community Chest.

|================================|
|        Starting Round 13       |
|================================|

 Player 0's turn ...
 Player 0 rolled (5, 2)
 Player 0 moves to Free Parking

 Player 1's turn ...
 Player 1 rolled (2, 2)
 Player 1 moves to Kentucky Avenue
 Player 1 rolled (4, 5)
 Player 1 moves to Go To Jail
 Player 1 is hauled off to Jail!

|================================|
|        Starting Round 14       |
|================================|

 Player 0's turn ...
 Player 0 rolled (6, 1)
 Player 0 moves to Ventnor Avenue

 Player 1's turn ...
 Player 1 rolled (6, 6)
 Player 1 was released from Jail!
 Player 1 moves to Chance
 Player 1 draws a Chance card.

|================================|
|        Starting Round 15       |
|================================|

 Player 0's turn ...
 Player 0 rolled (4, 5)
 Player 0 moves to Chance
 Player 0 draws a Chance card.

 Player 1's turn ...
 Player 1 rolled (4, 2)
 Player 1 moves to Water Works

|================================|
|        Starting Round 16       |
|================================|

 Player 0's turn ...
 Player 0 rolled (6, 6)
 Player 0 moves to Vermont Avenue
 Player 0 rolled (4, 3)
 Player 0 moves to Pennsylvania Railroad

 Player 1's turn ...
 Player 1 rolled (4, 1)
 Player 1 moves to Community Chest
 Player 1 draws a Community Chest.

|================================|
|        Starting Round 17       |
|================================|

 Player 0's turn ...
 Player 0 rolled (1, 6)
 Player 0 moves to Chance
 Player 0 draws a Chance card.

 Player 1's turn ...
 Player 1 rolled (6, 5)
 Player 1 moves to Income Tax

|================================|
|        Starting Round 18       |
|================================|

 Player 0's turn ...
 Player 0 rolled (1, 3)
 Player 0 moves to Alantic Avenue

 Player 1's turn ...
 Player 1 rolled (5, 4)
 Player 1 moves to States Avenue

|================================|
|        Starting Round 19       |
|================================|

 Player 0's turn ...
 Player 0 rolled (3, 1)
 Player 0 moves to Go To Jail
 Player 0 is hauled off to Jail!

 Player 1's turn ...
 Player 1 rolled (4, 4)
 Player 1 moves to Kentucky Avenue
 Player 1 rolled (6, 3)
 Player 1 moves to Go To Jail
 Player 1 is hauled off to Jail!

|================================|
|        Starting Round 20       |
|================================|

 Player 0's turn ...
 Player 0 rolled (6, 3)
Player 0 spends another lonely night in Jail.

 Player 1's turn ...
 Player 1 rolled (2, 4)
Player 1 spends another lonely night in Jail.

|================================|
|        Starting Round 21       |
|================================|

 Player 0's turn ...
 Player 0 rolled (1, 1)
 Player 0 was released from Jail!
 Player 0 moves to Electric Company

 Player 1's turn ...
 Player 1 rolled (6, 6)
 Player 1 was released from Jail!
 Player 1 moves to Chance
 Player 1 draws a Chance card.

|================================|
|        Starting Round 22       |
|================================|

 Player 0's turn ...
 Player 0 rolled (6, 4)
 Player 0 moves to Chance
 Player 0 draws a Chance card.

 Player 1's turn ...
 Player 1 rolled (4, 3)
 Player 1 moves to Marvin Gardens

|================================|
|        Starting Round 23       |
|================================|

 Player 0's turn ...
 Player 0 rolled (5, 2)
 Player 0 moves to Marvin Gardens

 Player 1's turn ...
 Player 1 rolled (3, 3)
 Player 1 moves to Short Line
 Player 1 rolled (1, 2)
 Player 1 moves to Luxury Tax

|================================|
|        Starting Round 24       |
|================================|

 Player 0's turn ...
 Player 0 rolled (1, 5)
 Player 0 moves to Short Line

 Player 1's turn ...
 Player 1 rolled (2, 1)
 Player 1 moves to Mediterranean Avenue

|================================|
|        Starting Round 25       |
|================================|

 Player 0's turn ...
 Player 0 rolled (6, 5)
 Player 0 moves to Oriental Avenue

 Player 1's turn ...
 Player 1 rolled (5, 1)
 Player 1 moves to Chance
 Player 1 draws a Chance card.

|================================|
|        Starting Round 26       |
|================================|

 Player 0's turn ...
 Player 0 rolled (5, 2)
 Player 0 moves to States Avenue

 Player 1's turn ...
 Player 1 rolled (5, 5)
 Player 1 moves to Community Chest
 Player 1 draws a Community Chest.
 Player 1 rolled (2, 4)
 Player 1 moves to Indiana Avenue

|================================|
|        Starting Round 27       |
|================================|

 Player 0's turn ...
 Player 0 rolled (4, 5)
 Player 0 moves to Chance
 Player 0 draws a Chance card.

 Player 1's turn ...
 Player 1 rolled (4, 6)
 Player 1 moves to Community Chest
 Player 1 draws a Community Chest.

|================================|
|        Starting Round 28       |
|================================|

 Player 0's turn ...
 Player 0 rolled (3, 4)
 Player 0 moves to Marvin Gardens

 Player 1's turn ...
 Player 1 rolled (3, 4)
 Player 1 moves to Go

|================================|
|        Starting Round 29       |
|================================|

 Player 0's turn ...
 Player 0 rolled (5, 3)
 Player 0 moves to Park Place

 Player 1's turn ...
 Player 1 rolled (3, 2)
 Player 1 moves to Reading Railroad

|================================|
|        Starting Round 30       |
|================================|

 Player 0's turn ...
 Player 0 rolled (6, 5)
 Player 0 moves to Vermont Avenue

 Player 1's turn ...
 Player 1 rolled (3, 5)
 Player 1 moves to States Avenue

|================================|
|        Starting Round 31       |
|================================|

 Player 0's turn ...
 Player 0 rolled (4, 4)
 Player 0 moves to St. James Place
 Player 0 rolled (1, 6)
 Player 0 moves to Indiana Avenue

 Player 1's turn ...
 Player 1 rolled (2, 3)
 Player 1 moves to Tennessee Avenue

|================================|
|        Starting Round 32       |
|================================|

 Player 0's turn ...
 Player 0 rolled (2, 1)
 Player 0 moves to Alantic Avenue

 Player 1's turn ...
 Player 1 rolled (4, 3)
 Player 1 moves to B. & O. Railroad

|================================|
|        Starting Round 33       |
|================================|

 Player 0's turn ...
 Player 0 rolled (6, 3)
 Player 0 moves to Short Line

 Player 1's turn ...
 Player 1 rolled (1, 5)
 Player 1 moves to Pacific Avenue

|================================|
|        Starting Round 34       |
|================================|

 Player 0's turn ...
 Player 0 rolled (1, 3)
 Player 0 moves to Boardwalk

 Player 1's turn ...
 Player 1 rolled (5, 5)
 Player 1 moves to Mediterranean Avenue
 Player 1 rolled (3, 1)
 Player 1 moves to Reading Railroad

|================================|
|        Starting Round 35       |
|================================|

 Player 0's turn ...
 Player 0 rolled (2, 1)
 Player 0 moves to Community Chest
 Player 0 draws a Community Chest.

 Player 1's turn ...
 Player 1 rolled (5, 5)
 Player 1 moves to Pennsylvania Railroad
 Player 1 rolled (3, 4)
 Player 1 moves to Chance
 Player 1 draws a Chance card.

|================================|
|        Starting Round 36       |
|================================|

 Player 0's turn ...
 Player 0 rolled (2, 4)
 Player 0 moves to Vermont Avenue

 Player 1's turn ...
 Player 1 rolled (2, 2)
 Player 1 moves to Alantic Avenue
 Player 1 rolled (3, 4)
 Player 1 moves to Community Chest
 Player 1 draws a Community Chest.

|================================|
|        Starting Round 37       |
|================================|

 Player 0's turn ...
 Player 0 rolled (6, 4)
 Player 0 moves to Tennessee Avenue

 Player 1's turn ...
 Player 1 rolled (5, 2)
 Player 1 moves to Go

|================================|
|        Starting Round 38       |
|================================|

 Player 0's turn ...
 Player 0 rolled (2, 5)
 Player 0 moves to B. & O. Railroad

 Player 1's turn ...
 Player 1 rolled (3, 3)
 Player 1 moves to Oriental Avenue
 Player 1 rolled (2, 4)
 Player 1 moves to Electric Company

|================================|
|        Starting Round 39       |
|================================|

 Player 0's turn ...
 Player 0 rolled (4, 3)
 Player 0 moves to North Carolina AVenue

 Player 1's turn ...
 Player 1 rolled (5, 6)
 Player 1 moves to Indiana Avenue

|================================|
|        Starting Round 40       |
|================================|

 Player 0's turn ...
 Player 0 rolled (4, 1)
 Player 0 moves to Park Place

 Player 1's turn ...
 Player 1 rolled (1, 2)
 Player 1 moves to Alantic Avenue

|================================|
|        Starting Round 41       |
|================================|

 Player 0's turn ...
 Player 0 rolled (3, 3)
 Player 0 moves to Baltic Avenue
 Player 0 rolled (1, 4)
 Player 0 moves to Vermont Avenue

 Player 1's turn ...
 Player 1 rolled (2, 6)
 Player 1 moves to Pennsylvania Avenue

|================================|
|        Starting Round 42       |
|================================|

 Player 0's turn ...
 Player 0 rolled (6, 2)
 Player 0 moves to St. James Place

 Player 1's turn ...
 Player 1 rolled (4, 2)
 Player 1 moves to Go

|================================|
|        Starting Round 43       |
|================================|

 Player 0's turn ...
 Player 0 rolled (6, 3)
 Player 0 moves to B. & O. Railroad

 Player 1's turn ...
 Player 1 rolled (3, 4)
 Player 1 moves to Chance
 Player 1 draws a Chance card.

|================================|
|        Starting Round 44       |
|================================|

 Player 0's turn ...
 Player 0 rolled (1, 2)
 Player 0 moves to Water Works

 Player 1's turn ...
 Player 1 rolled (2, 4)
 Player 1 moves to States Avenue

|================================|
|        Starting Round 45       |
|================================|

 Player 0's turn ...
 Player 0 rolled (2, 3)
 Player 0 moves to Community Chest
 Player 0 draws a Community Chest.

 Player 1's turn ...
 Player 1 rolled (6, 1)
 Player 1 moves to Free Parking

|================================|
|        Starting Round 46       |
|================================|

 Player 0's turn ...
 Player 0 rolled (4, 2)
 Player 0 moves to Boardwalk

 Player 1's turn ...
 Player 1 rolled (5, 4)
 Player 1 moves to Marvin Gardens

|================================|
|        Starting Round 47       |
|================================|

 Player 0's turn ...
 Player 0 rolled (1, 2)
 Player 0 moves to Community Chest
 Player 0 draws a Community Chest.

 Player 1's turn ...
 Player 1 rolled (5, 3)
 Player 1 moves to Park Place

|================================|
|        Starting Round 48       |
|================================|

 Player 0's turn ...
 Player 0 rolled (3, 5)
 Player 0 moves to In Jail/Just Visiting

 Player 1's turn ...
 Player 1 rolled (6, 4)
 Player 1 moves to Chance
 Player 1 draws a Chance card.

|================================|
|        Starting Round 49       |
|================================|

 Player 0's turn ...
 Player 0 rolled (2, 4)
 Player 0 moves to St. James Place

 Player 1's turn ...
 Player 1 rolled (2, 6)
 Player 1 moves to Pennsylvania Railroad

|================================|
|        Starting Round 50       |
|================================|

 Player 0's turn ...
 Player 0 rolled (3, 2)
 Player 0 moves to Kentucky Avenue

 Player 1's turn ...
 Player 1 rolled (4, 1)
 Player 1 moves to Free Parking

|================================|
|        Starting Round 51       |
|================================|

 Player 0's turn ...
 Player 0 rolled (4, 5)
 Player 0 moves to Go To Jail
 Player 0 is hauled off to Jail!

 Player 1's turn ...
 Player 1 rolled (3, 5)
 Player 1 moves to Water Works

|================================|
|        Starting Round 52       |
|================================|

 Player 0's turn ...
 Player 0 rolled (4, 4)
 Player 0 was released from Jail!
 Player 0 moves to Tennessee Avenue

 Player 1's turn ...
 Player 1 rolled (1, 3)
 Player 1 moves to North Carolina AVenue

|================================|
|        Starting Round 53       |
|================================|

 Player 0's turn ...
 Player 0 rolled (1, 6)
 Player 0 moves to B. & O. Railroad

 Player 1's turn ...
 Player 1 rolled (4, 4)
 Player 1 moves to Go
 Player 1 rolled (4, 6)
 Player 1 moves to In Jail/Just Visiting

|================================|
|        Starting Round 54       |
|================================|

 Player 0's turn ...
 Player 0 rolled (4, 5)
 Player 0 moves to Pennsylvania Avenue

 Player 1's turn ...
 Player 1 rolled (6, 2)
 Player 1 moves to Tennessee Avenue

|================================|
|        Starting Round 55       |
|================================|

 Player 0's turn ...
 Player 0 rolled (6, 1)
 Player 0 moves to Mediterranean Avenue

 Player 1's turn ...
 Player 1 rolled (2, 2)
 Player 1 moves to Chance
 Player 1 draws a Chance card.
 Player 1 rolled (5, 5)
 Player 1 moves to North Carolina AVenue
 Player 1 rolled (4, 4)
Player 1 has rolled 'doubles' three times!
 Player 1 is hauled off to Jail!

|================================|
|        Starting Round 56       |
|================================|

 Player 0's turn ...
 Player 0 rolled (4, 4)
 Player 0 moves to Connecticut Avenue
 Player 0 rolled (3, 3)
 Player 0 moves to Pennsylvania Railroad
 Player 0 rolled (3, 4)
 Player 0 moves to Chance
 Player 0 draws a Chance card.

 Player 1's turn ...
 Player 1 rolled (1, 1)
 Player 1 was released from Jail!
 Player 1 moves to Electric Company

|================================|
|        Starting Round 57       |
|================================|

 Player 0's turn ...
 Player 0 rolled (3, 1)
 Player 0 moves to Alantic Avenue

 Player 1's turn ...
 Player 1 rolled (5, 3)
 Player 1 moves to Free Parking

|================================|
|        Starting Round 58       |
|================================|

 Player 0's turn ...
 Player 0 rolled (5, 4)
 Player 0 moves to Short Line

 Player 1's turn ...
 Player 1 rolled (3, 6)
 Player 1 moves to Marvin Gardens

|================================|
|        Starting Round 59       |
|================================|

 Player 0's turn ...
 Player 0 rolled (5, 4)
 Player 0 moves to Income Tax

 Player 1's turn ...
 Player 1 rolled (3, 6)
 Player 1 moves to Luxury Tax

|================================|
|        Starting Round 60       |
|================================|

 Player 0's turn ...
 Player 0 rolled (4, 2)
 Player 0 moves to In Jail/Just Visiting

 Player 1's turn ...
 Player 1 rolled (4, 2)
 Player 1 moves to Income Tax

|================================|
|        Starting Round 61       |
|================================|

 Player 0's turn ...
 Player 0 rolled (6, 4)
 Player 0 moves to Free Parking

 Player 1's turn ...
 Player 1 rolled (6, 3)
 Player 1 moves to States Avenue

|================================|
|        Starting Round 62       |
|================================|

 Player 0's turn ...
 Player 0 rolled (4, 1)
 Player 0 moves to B. & O. Railroad

 Player 1's turn ...
 Player 1 rolled (6, 5)
 Player 1 moves to Illinois Avenue

|================================|
|        Starting Round 63       |
|================================|

 Player 0's turn ...
 Player 0 rolled (5, 3)
 Player 0 moves to Community Chest
 Player 0 draws a Community Chest.

 Player 1's turn ...
 Player 1 rolled (1, 1)
 Player 1 moves to Alantic Avenue
 Player 1 rolled (3, 4)
 Player 1 moves to Community Chest
 Player 1 draws a Community Chest.

|================================|
|        Starting Round 64       |
|================================|

 Player 0's turn ...
 Player 0 rolled (5, 3)
 Player 0 moves to Mediterranean Avenue

 Player 1's turn ...
 Player 1 rolled (4, 4)
 Player 1 moves to Mediterranean Avenue
 Player 1 rolled (6, 3)
 Player 1 moves to In Jail/Just Visiting

|================================|
|        Starting Round 65       |
|================================|

 Player 0's turn ...
 Player 0 rolled (3, 1)
 Player 0 moves to Reading Railroad

 Player 1's turn ...
 Player 1 rolled (6, 2)
 Player 1 moves to Tennessee Avenue

|================================|
|        Starting Round 66       |
|================================|

 Player 0's turn ...
 Player 0 rolled (3, 1)
 Player 0 moves to Connecticut Avenue

 Player 1's turn ...
 Player 1 rolled (4, 4)
 Player 1 moves to Alantic Avenue
 Player 1 rolled (6, 6)
 Player 1 moves to Luxury Tax
 Player 1 rolled (5, 5)
Player 1 has rolled 'doubles' three times!
 Player 1 is hauled off to Jail!

|================================|
|        Starting Round 67       |
|================================|

 Player 0's turn ...
 Player 0 rolled (2, 6)
 Player 0 moves to Community Chest
 Player 0 draws a Community Chest.

 Player 1's turn ...
 Player 1 rolled (4, 3)
Player 1 spends another lonely night in Jail.

|================================|
|        Starting Round 68       |
|================================|

 Player 0's turn ...
 Player 0 rolled (4, 4)
 Player 0 moves to B. & O. Railroad
 Player 0 rolled (4, 5)
 Player 0 moves to Pennsylvania Avenue

 Player 1's turn ...
 Player 1 rolled (1, 1)
 Player 1 was released from Jail!
 Player 1 moves to Electric Company

|================================|
|        Starting Round 69       |
|================================|

 Player 0's turn ...
 Player 0 rolled (5, 3)
 Player 0 moves to Community Chest
 Player 0 draws a Community Chest.

 Player 1's turn ...
 Player 1 rolled (2, 4)
 Player 1 moves to Tennessee Avenue

|================================|
|        Starting Round 70       |
|================================|

 Player 0's turn ...
 Player 0 rolled (3, 5)
 Player 0 moves to In Jail/Just Visiting

 Player 1's turn ...
 Player 1 rolled (4, 1)
 Player 1 moves to Indiana Avenue

|================================|
|        Starting Round 71       |
|================================|

 Player 0's turn ...
 Player 0 rolled (2, 3)
 Player 0 moves to Pennsylvania Railroad

 Player 1's turn ...
 Player 1 rolled (1, 5)
 Player 1 moves to Marvin Gardens

|================================|
|        Starting Round 72       |
|================================|

 Player 0's turn ...
 Player 0 rolled (2, 4)
 Player 0 moves to Kentucky Avenue

 Player 1's turn ...
 Player 1 rolled (6, 3)
 Player 1 moves to Luxury Tax

|================================|
|        Starting Round 73       |
|================================|

 Player 0's turn ...
 Player 0 rolled (6, 3)
 Player 0 moves to Go To Jail
 Player 0 is hauled off to Jail!

 Player 1's turn ...
 Player 1 rolled (1, 5)
 Player 1 moves to Income Tax

|================================|
|        Starting Round 74       |
|================================|

 Player 0's turn ...
 Player 0 rolled (4, 4)
 Player 0 was released from Jail!
 Player 0 moves to Tennessee Avenue

 Player 1's turn ...
 Player 1 rolled (4, 2)
 Player 1 moves to In Jail/Just Visiting

|================================|
|        Starting Round 75       |
|================================|

 Player 0's turn ...
 Player 0 rolled (6, 1)
 Player 0 moves to B. & O. Railroad

 Player 1's turn ...
 Player 1 rolled (2, 2)
 Player 1 moves to Virginia Avenue
 Player 1 rolled (2, 4)
 Player 1 moves to Free Parking

|================================|
|        Starting Round 76       |
|================================|

 Player 0's turn ...
 Player 0 rolled (4, 6)
 Player 0 moves to Short Line

 Player 1's turn ...
 Player 1 rolled (4, 4)
 Player 1 moves to Water Works
 Player 1 rolled (4, 4)
 Player 1 moves to Chance
 Player 1 draws a Chance card.
 Player 1 rolled (1, 2)
 Player 1 moves to Boardwalk

|================================|
|        Starting Round 77       |
|================================|

 Player 0's turn ...
 Player 0 rolled (3, 2)
 Player 0 moves to Go

 Player 1's turn ...
 Player 1 rolled (1, 3)
 Player 1 moves to Baltic Avenue

|================================|
|        Starting Round 78       |
|================================|

 Player 0's turn ...
 Player 0 rolled (3, 1)
 Player 0 moves to Income Tax

 Player 1's turn ...
 Player 1 rolled (4, 2)
 Player 1 moves to Connecticut Avenue

|================================|
|        Starting Round 79       |
|================================|

 Player 0's turn ...
 Player 0 rolled (4, 5)
 Player 0 moves to States Avenue

 Player 1's turn ...
 Player 1 rolled (1, 4)
 Player 1 moves to Virginia Avenue

|================================|
|        Starting Round 80       |
|================================|

 Player 0's turn ...
 Player 0 rolled (5, 2)
 Player 0 moves to Free Parking

 Player 1's turn ...
 Player 1 rolled (3, 5)
 Player 1 moves to Chance
 Player 1 draws a Chance card.

|================================|
|        Starting Round 81       |
|================================|

 Player 0's turn ...
 Player 0 rolled (4, 3)
 Player 0 moves to Ventnor Avenue

 Player 1's turn ...
 Player 1 rolled (6, 3)
 Player 1 moves to Pacific Avenue

|================================|
|        Starting Round 82       |
|================================|

 Player 0's turn ...
 Player 0 rolled (5, 5)
 Player 0 moves to Park Place
 Player 0 rolled (3, 2)
 Player 0 moves to Community Chest
 Player 0 draws a Community Chest.

 Player 1's turn ...
 Player 1 rolled (3, 5)
 Player 1 moves to Boardwalk

|================================|
|        Starting Round 83       |
|================================|

 Player 0's turn ...
 Player 0 rolled (2, 5)
 Player 0 moves to Connecticut Avenue

 Player 1's turn ...
 Player 1 rolled (6, 6)
 Player 1 moves to St. Charles Place
 Player 1 rolled (1, 2)
 Player 1 moves to Virginia Avenue

|================================|
|        Starting Round 84       |
|================================|

 Player 0's turn ...
 Player 0 rolled (2, 5)
 Player 0 moves to St. James Place

 Player 1's turn ...
 Player 1 rolled (1, 2)
 Player 1 moves to Community Chest
 Player 1 draws a Community Chest.

|================================|
|        Starting Round 85       |
|================================|

 Player 0's turn ...
 Player 0 rolled (3, 2)
 Player 0 moves to Kentucky Avenue

 Player 1's turn ...
 Player 1 rolled (4, 3)
 Player 1 moves to Illinois Avenue

|================================|
|        Starting Round 86       |
|================================|

 Player 0's turn ...
 Player 0 rolled (1, 6)
 Player 0 moves to Water Works

 Player 1's turn ...
 Player 1 rolled (1, 2)
 Player 1 moves to Ventnor Avenue

|================================|
|        Starting Round 87       |
|================================|

 Player 0's turn ...
 Player 0 rolled (3, 1)
 Player 0 moves to North Carolina AVenue

 Player 1's turn ...
 Player 1 rolled (1, 3)
 Player 1 moves to Pacific Avenue

|================================|
|        Starting Round 88       |
|================================|

 Player 0's turn ...
 Player 0 rolled (1, 4)
 Player 0 moves to Park Place

 Player 1's turn ...
 Player 1 rolled (1, 3)
 Player 1 moves to Short Line

|================================|
|        Starting Round 89       |
|================================|

 Player 0's turn ...
 Player 0 rolled (3, 4)
 Player 0 moves to Income Tax

 Player 1's turn ...
 Player 1 rolled (3, 6)
 Player 1 moves to Income Tax

|================================|
|        Starting Round 90       |
|================================|

 Player 0's turn ...
 Player 0 rolled (4, 4)
 Player 0 moves to Electric Company
 Player 0 rolled (6, 1)
 Player 0 moves to New York Avenue

 Player 1's turn ...
 Player 1 rolled (5, 3)
 Player 1 moves to Electric Company

|================================|
|        Starting Round 91       |
|================================|

 Player 0's turn ...
 Player 0 rolled (6, 4)
 Player 0 moves to Marvin Gardens

 Player 1's turn ...
 Player 1 rolled (3, 6)
 Player 1 moves to Kentucky Avenue

|================================|
|        Starting Round 92       |
|================================|

 Player 0's turn ...
 Player 0 rolled (3, 4)
 Player 0 moves to Chance
 Player 0 draws a Chance card.

 Player 1's turn ...
 Player 1 rolled (5, 6)
 Player 1 moves to North Carolina AVenue

|================================|
|        Starting Round 93       |
|================================|

 Player 0's turn ...
 Player 0 rolled (5, 1)
 Player 0 moves to Community Chest
 Player 0 draws a Community Chest.

 Player 1's turn ...
 Player 1 rolled (1, 4)
 Player 1 moves to Park Place

|================================|
|        Starting Round 94       |
|================================|

 Player 0's turn ...
 Player 0 rolled (2, 2)
 Player 0 moves to Oriental Avenue
 Player 0 rolled (1, 1)
 Player 0 moves to Vermont Avenue
 Player 0 rolled (3, 6)
 Player 0 moves to Community Chest
 Player 0 draws a Community Chest.

 Player 1's turn ...
 Player 1 rolled (4, 6)
 Player 1 moves to Chance
 Player 1 draws a Chance card.

|================================|
|        Starting Round 95       |
|================================|

 Player 0's turn ...
 Player 0 rolled (3, 3)
 Player 0 moves to Indiana Avenue
 Player 0 rolled (6, 3)
 Player 0 moves to North Carolina AVenue

 Player 1's turn ...
 Player 1 rolled (6, 4)
 Player 1 moves to Community Chest
 Player 1 draws a Community Chest.

|================================|
|        Starting Round 96       |
|================================|

 Player 0's turn ...
 Player 0 rolled (3, 3)
 Player 0 moves to Luxury Tax
 Player 0 rolled (6, 4)
 Player 0 moves to Vermont Avenue

 Player 1's turn ...
 Player 1 rolled (6, 4)
 Player 1 moves to Ventnor Avenue

|================================|
|        Starting Round 97       |
|================================|

 Player 0's turn ...
 Player 0 rolled (3, 6)
 Player 0 moves to Community Chest
 Player 0 draws a Community Chest.

 Player 1's turn ...
 Player 1 rolled (6, 4)
 Player 1 moves to Park Place

|================================|
|        Starting Round 98       |
|================================|

 Player 0's turn ...
 Player 0 rolled (3, 3)
 Player 0 moves to Indiana Avenue
 Player 0 rolled (4, 5)
 Player 0 moves to North Carolina AVenue

 Player 1's turn ...
 Player 1 rolled (6, 6)
 Player 1 moves to Connecticut Avenue
 Player 1 rolled (3, 2)
 Player 1 moves to Virginia Avenue

|================================|
|        Starting Round 99       |
|================================|

 Player 0's turn ...
 Player 0 rolled (6, 5)
 Player 0 moves to Baltic Avenue

 Player 1's turn ...
 Player 1 rolled (2, 2)
 Player 1 moves to Tennessee Avenue
 Player 1 rolled (2, 6)
 Player 1 moves to Alantic Avenue

|================================|
|       Property Statistics      |
|================================|

 Go                             6
 Mediterranean Avenue           6
 Community Chest                5
 Baltic Avenue                  4
 Income Tax                     9
 Reading Railroad               3
 Oriental Avenue                4
 Chance                         4
 Vermont Avenue                 9
 Connecticut Avenue             7
 In Jail/Just Visiting         13
 St. Charles Place              1
 Electric Company               6
 States Avenue                  9
 Virginia Avenue                7
 Pennsylvania Railroad          5
 St. James Place                5
 Community Chest                8
 Tennessee Avenue               8
 New York Avenue                2
 Free Parking                   8
 Kentucky Avenue                7
 Chance                         9
 Indiana Avenue                 7
 Illinois Avenue                5
 B. & O. Railroad               8
 Alantic Avenue                 8
 Ventnor Avenue                 5
 Water Works                    5
 Marvin Gardens                 7
 Go To Jail                     5
 Pacific Avenue                 5
 North Carolina AVenue          7
 Community Chest                6
 Pennsylvania Avenue            5
 Short Line                     7
 Chance                         4
 Park Place                     7
 Luxury Tax                     5
 Boardwalk                      4

