Num Players: 2 Turns: 25
Verbose: 1
++++++++++++++++++++
Starting round 1
Player 0 starting on Go
Player 0 rolls 5+4
Player 0 landed on Connecticut Avenue
Player 1 starting on Go
Player 1 rolls 2+5
Player 1 landed on Chance
 -> Chance - Advance to Go
Player 1 moves to Go
++++++++++++++++++++
Starting round 2
Player 0 starting on Connecticut Avenue
Player 0 rolls 6+1
Player 0 landed on St. James Place
Player 1 starting on Go
Player 1 rolls 1+3
Player 1 landed on Income Tax
++++++++++++++++++++
Starting round 3
Player 0 starting on St. James Place
Player 0 rolls 3+2
Player 0 landed on Kentucky Avenue
Player 1 starting on Income Tax
Player 1 rolls 4+4
Player 1 landed on Electric Company
Player 1 rolls 5+3
Player 1 landed on Free Parking
++++++++++++++++++++
Starting round 4
Player 0 starting on Kentucky Avenue
Player 0 rolls 1+4
Player 0 landed on Alantic Avenue
Player 1 starting on Free Parking
Player 1 rolls 5+5
Player 1 landed on Go To Jail
 -> Player 1 is hauled off to Jail!
++++++++++++++++++++
Starting round 5
Player 0 starting on Alantic Avenue
Player 0 rolls 2+5
Player 0 landed on Community Chest
Player 0 drew a 'Advance to Go'
Player 0 moves to Go
Player 1 starting on In Jail/Just Visiting
Player 1 rolls 3+5
 -> Player 1 spends another lonely night in Jail.
++++++++++++++++++++
Starting round 6
Player 0 starting on Go
Player 0 rolls 2+6
Player 0 landed on Vermont Avenue
Player 1 starting on In Jail/Just Visiting
Player 1 rolls 3+2
 -> Player 1 spends another lonely night in Jail.
++++++++++++++++++++
Starting round 7
Player 0 starting on Vermont Avenue
Player 0 rolls 1+1
Player 0 landed on In Jail/Just Visiting
Player 0 rolls 5+4
Player 0 landed on New York Avenue
Player 1 starting on In Jail/Just Visiting
Player 1 rolls 2+2
 -> Player 1 was released from Jail!
Player 1 landed on Virginia Avenue
Player 1 rolls 1+5
Player 1 landed on Free Parking
++++++++++++++++++++
Starting round 8
Player 0 starting on New York Avenue
Player 0 rolls 2+4
Player 0 landed on B. & O. Railroad
Player 1 starting on Free Parking
Player 1 rolls 5+4
Player 1 landed on Marvin Gardens
++++++++++++++++++++
Starting round 9
Player 0 starting on B. & O. Railroad
Player 0 rolls 4+4
Player 0 landed on Community Chest
Player 0 drew a 'Bank error in your favor'
Player 0 rolls 3+6
Player 0 landed on Community Chest
Player 0 drew a 'Doctor's fees'
Player 1 starting on Marvin Gardens
Player 1 rolls 4+6
Player 1 landed on Boardwalk
++++++++++++++++++++
Starting round 10
Player 0 starting on Community Chest
Player 0 rolls 3+3
Player 0 landed on Vermont Avenue
Player 0 rolls 3+3
Player 0 landed on Virginia Avenue
Player 0 rolls 5+1
Player 0 landed on Free Parking
Player 1 starting on Boardwalk
Player 1 rolls 2+5
Player 1 landed on Oriental Avenue
++++++++++++++++++++
Starting round 11
Player 0 starting on Free Parking
Player 0 rolls 3+3
Player 0 landed on Alantic Avenue
Player 0 rolls 2+2
Player 0 landed on Go To Jail
 -> Player 0 is hauled off to Jail!
Player 1 starting on Oriental Avenue
Player 1 rolls 3+1
Player 1 landed on In Jail/Just Visiting
++++++++++++++++++++
Starting round 12
Player 0 starting on In Jail/Just Visiting
Player 0 rolls 4+5
 -> Player 0 spends another lonely night in Jail.
Player 1 starting on In Jail/Just Visiting
Player 1 rolls 2+6
Player 1 landed on Tennessee Avenue
++++++++++++++++++++
Starting round 13
Player 0 starting on In Jail/Just Visiting
Player 0 rolls 2+6
 -> Player 0 spends another lonely night in Jail.
Player 1 starting on Tennessee Avenue
Player 1 rolls 6+1
Player 1 landed on B. & O. Railroad
++++++++++++++++++++
Starting round 14
Player 0 starting on In Jail/Just Visiting
Player 0 rolls 5+1
 -> Player 0 was released from Jail!
Player 0 landed on St. James Place
Player 1 starting on B. & O. Railroad
Player 1 rolls 4+5
Player 1 landed on Pennsylvania Avenue
++++++++++++++++++++
Starting round 15
Player 0 starting on St. James Place
Player 0 rolls 6+2
Player 0 landed on Illinois Avenue
Player 1 starting on Pennsylvania Avenue
Player 1 rolls 3+2
Player 1 landed on Boardwalk
++++++++++++++++++++
Starting round 16
Player 0 starting on Illinois Avenue
Player 0 rolls 2+1
Player 0 landed on Ventnor Avenue
Player 1 starting on Boardwalk
Player 1 rolls 6+1
Player 1 landed on Oriental Avenue
++++++++++++++++++++
Starting round 17
Player 0 starting on Ventnor Avenue
Player 0 rolls 2+2
Player 0 landed on Pacific Avenue
Player 0 rolls 5+4
Player 0 landed on Go
Player 1 starting on Oriental Avenue
Player 1 rolls 1+5
Player 1 landed on Electric Company
++++++++++++++++++++
Starting round 18
Player 0 starting on Go
Player 0 rolls 1+3
Player 0 landed on Income Tax
Player 1 starting on Electric Company
Player 1 rolls 6+2
Player 1 landed on Free Parking
++++++++++++++++++++
Starting round 19
Player 0 starting on Income Tax
Player 0 rolls 4+5
Player 0 landed on States Avenue
Player 1 starting on Free Parking
Player 1 rolls 5+6
Player 1 landed on Pacific Avenue
++++++++++++++++++++
Starting round 20
Player 0 starting on States Avenue
Player 0 rolls 6+6
Player 0 landed on B. & O. Railroad
Player 0 rolls 2+1
Player 0 landed on Water Works
Player 1 starting on Pacific Avenue
Player 1 rolls 1+5
Player 1 landed on Park Place
++++++++++++++++++++
Starting round 21
Player 0 starting on Water Works
Player 0 rolls 1+3
Player 0 landed on North Carolina AVenue
Player 1 starting on Park Place
Player 1 rolls 2+3
Player 1 landed on Community Chest
Player 1 drew a 'From sale of stock you get $50'
++++++++++++++++++++
Starting round 22
Player 0 starting on North Carolina AVenue
Player 0 rolls 1+2
Player 0 landed on Short Line
Player 1 starting on Community Chest
Player 1 rolls 2+4
Player 1 landed on Vermont Avenue
++++++++++++++++++++
Starting round 23
Player 0 starting on Short Line
Player 0 rolls 3+1
Player 0 landed on Boardwalk
Player 1 starting on Vermont Avenue
Player 1 rolls 2+3
Player 1 landed on States Avenue
++++++++++++++++++++
Starting round 24
Player 0 starting on Boardwalk
Player 0 rolls 6+2
Player 0 landed on Chance
 -> Chance - Advance to Illinois Ave.
Player 0 moves to Illinois Avenue
Player 1 starting on States Avenue
Player 1 rolls 4+5
Player 1 landed on Chance
 -> Chance - Advance to St. Charles Place
Player 1 moves to St. Charles Place
++++++++++++++++++++
Starting round 25
Player 0 starting on Illinois Avenue
Player 0 rolls 1+1
Player 0 landed on Alantic Avenue
Player 0 rolls 4+3
Player 0 landed on Community Chest
Player 0 drew a 'Get Out of Jail Free'
Player 1 starting on St. Charles Place
Player 1 rolls 2+2
Player 1 landed on Pennsylvania Railroad
Player 1 rolls 1+3
Player 1 landed on New York Avenue

Go :: 3
Mediterranean Avenue :: 0
Community Chest :: 2
Baltic Avenue :: 0
Income Tax :: 2
Reading Railroad :: 0
Oriental Avenue :: 2
Chance :: 2
Vermont Avenue :: 3
Connecticut Avenue :: 1
In Jail/Just Visiting :: 4
St. Charles Place :: 1
Electric Company :: 2
States Avenue :: 2
Virginia Avenue :: 2
Pennsylvania Railroad :: 1
St. James Place :: 2
Community Chest :: 0
Tennessee Avenue :: 1
New York Avenue :: 2
Free Parking :: 4
Kentucky Avenue :: 1
Chance :: 1
Indiana Avenue :: 0
Illinois Avenue :: 2
B. & O. Railroad :: 3
Alantic Avenue :: 3
Ventnor Avenue :: 1
Water Works :: 1
Marvin Gardens :: 1
Go To Jail :: 2
Pacific Avenue :: 2
North Carolina AVenue :: 1
Community Chest :: 3
Pennsylvania Avenue :: 1
Short Line :: 1
Chance :: 0
Park Place :: 1
Luxury Tax :: 0
Boardwalk :: 3

