Num Players: 6 Turns: 1000
Verbose: 0

Go :: 202
Mediterranean Avenue :: 145
Community Chest :: 148
Baltic Avenue :: 158
Income Tax :: 164
Reading Railroad :: 178
Oriental Avenue :: 159
Chance :: 173
Vermont Avenue :: 149
Connecticut Avenue :: 172
In Jail/Just Visiting :: 406
St. Charles Place :: 171
Electric Company :: 182
States Avenue :: 152
Virginia Avenue :: 188
Pennsylvania Railroad :: 165
St. James Place :: 209
Community Chest :: 181
Tennessee Avenue :: 194
New York Avenue :: 201
Free Parking :: 221
Kentucky Avenue :: 182
Chance :: 186
Indiana Avenue :: 178
Illinois Avenue :: 210
B. & O. Railroad :: 187
Alantic Avenue :: 186
Ventnor Avenue :: 185
Water Works :: 203
Marvin Gardens :: 166
Go To Jail :: 182
Pacific Avenue :: 172
North Carolina AVenue :: 174
Community Chest :: 205
Pennsylvania Avenue :: 128
Short Line :: 189
Chance :: 157
Park Place :: 143
Luxury Tax :: 155
Boardwalk :: 176

